#
# There is insufficient memory for the Java Runtime Environment to continue.
# Native memory allocation (mmap) failed to map 132120576 bytes for G1 virtual space
# Possible reasons:
#   The system is out of physical RAM or swap space
#   The process is running with CompressedOops enabled, and the Java Heap may be blocking the growth of the native heap
# Possible solutions:
#   Reduce memory load on the system
#   Increase physical memory or swap space
#   Check if swap backing store is full
#   Decrease Java heap size (-Xmx/-Xms)
#   Decrease number of Java threads
#   Decrease Java thread stack sizes (-Xss)
#   Set larger code cache with -XX:ReservedCodeCacheSize=
#   JVM is running with Unscaled Compressed Oops mode in which the Java heap is
#     placed in the first 4GB address space. The Java Heap base address is the
#     maximum limit for the native heap growth. Please use -XX:HeapBaseMinAddress
#     to set the Java Heap base and to place the Java Heap above 4GB virtual address.
# This output file may be truncated or incomplete.
#
#  Out of Memory Error (os_windows.cpp:3557), pid=9204, tid=9528
#
# JRE version:  (17.0.6+10) (build )
# Java VM: OpenJDK 64-Bit Server VM (17.0.6+10, mixed mode, sharing, tiered, compressed oops, compressed class ptrs, g1 gc, windows-amd64)
# No core dump will be written. Minidumps are not enabled by default on client versions of Windows
#

---------------  S U M M A R Y ------------

Command Line: -ea -Dfile.encoding=UTF-8 -XX:+ShowCodeDetailsInExceptionMessages org.testng.remote.RemoteTestNG -serport 61271 -protocol json -d C:\Users\Mesbahul Haque Khan\eclipse-workspace\BootCamp_Final_Part1\test-output C:\Users\MESBAH~1\AppData\Local\Temp\testng-eclipse--568216086\testng-customsuite.xml

Host: Intel(R) Core(TM) i7-10510U CPU @ 1.80GHz, 8 cores, 7G,  Windows 11 , 64 bit Build 22621 (10.0.22621.1778)
Time: Thu Jun 22 12:54:32 2023 Pacific Daylight Time elapsed time: 0.011560 seconds (0d 0h 0m 0s)

---------------  T H R E A D  ---------------

Current thread (0x000001bc5ee28510):  JavaThread "Unknown thread" [_thread_in_vm, id=9528, stack(0x0000008176700000,0x0000008176800000)]

Stack: [0x0000008176700000,0x0000008176800000]
Native frames: (J=compiled Java code, j=interpreted, Vv=VM code, C=native code)
V  [jvm.dll+0x67741a]
V  [jvm.dll+0x834434]
V  [jvm.dll+0x835bde]
V  [jvm.dll+0x836243]
V  [jvm.dll+0x2457b5]
V  [jvm.dll+0x674329]
V  [jvm.dll+0x6689da]
V  [jvm.dll+0x30489b]
V  [jvm.dll+0x30bd96]
V  [jvm.dll+0x35b57e]
V  [jvm.dll+0x35b7af]
V  [jvm.dll+0x2db778]
V  [jvm.dll+0x2dc6e4]
V  [jvm.dll+0x806131]
V  [jvm.dll+0x369331]
V  [jvm.dll+0x7e56ac]
V  [jvm.dll+0x3eb35f]
V  [jvm.dll+0x3ecea1]
C  [jli.dll+0x5267]
C  [ucrtbase.dll+0x29363]
C  [KERNEL32.DLL+0x126ad]
C  [ntdll.dll+0x5a9f8]


---------------  P R O C E S S  ---------------

Threads class SMR info:
_java_thread_list=0x00007ffa1b4e5fd8, length=0, elements={
}

Java Threads: ( => current thread )

Other Threads:
  0x000001bc5ee845b0 GCTaskThread "GC Thread#0" [stack: 0x0000008176800000,0x0000008176900000] [id=7184]
  0x000001bc5ee95820 ConcurrentGCThread "G1 Main Marker" [stack: 0x0000008176900000,0x0000008176a00000] [id=168]
  0x000001bc5ee96230 ConcurrentGCThread "G1 Conc#0" [stack: 0x0000008176a00000,0x0000008176b00000] [id=4676]

[error occurred during error reporting (printing all threads), id 0xc0000005, EXCEPTION_ACCESS_VIOLATION (0xc0000005) at pc=0x00007ffa1acbc1e7]

VM state: not at safepoint (not fully initialized)

VM Mutex/Monitor currently owned by a thread:  ([mutex/lock_event])
[0x000001bc5ee225b0] Heap_lock - owner thread: 0x000001bc5ee28510

Heap address: 0x0000000083200000, size: 1998 MB, Compressed Oops mode: 32-bit

CDS archive(s) mapped at: [0x0000000000000000-0x0000000000000000-0x0000000000000000), size 0, SharedBaseAddress: 0x0000000800000000, ArchiveRelocationMode: 0.
Narrow klass base: 0x0000000000000000, Narrow klass shift: 0, Narrow klass range: 0x0

GC Precious Log:
<Empty>

Heap:
 garbage-first heap   total 0K, used 0K [0x0000000083200000, 0x0000000100000000)
  region size 1024K, 0 young (0K), 0 survivors (0K)

[error occurred during error reporting (printing heap information), id 0xc0000005, EXCEPTION_ACCESS_VIOLATION (0xc0000005) at pc=0x00007ffa1b0a06f9]

GC Heap History (0 events):
No events

Dll operation events (1 events):
Event: 0.008 Loaded shared library C:\Automation\eclipse\plugins\org.eclipse.justj.openjdk.hotspot.jre.full.win32.x86_64_17.0.6.v20230204-1729\jre\bin\java.dll

Deoptimization events (0 events):
No events

Classes unloaded (0 events):
No events

Classes redefined (0 events):
No events

Internal exceptions (0 events):
No events

VM Operations (0 events):
No events

Events (0 events):
No events


Dynamic libraries:
0x00007ff7ab150000 - 0x00007ff7ab15e000 	C:\Automation\eclipse\plugins\org.eclipse.justj.openjdk.hotspot.jre.full.win32.x86_64_17.0.6.v20230204-1729\jre\bin\javaw.exe
0x00007ffa8d610000 - 0x00007ffa8d824000 	C:\Windows\SYSTEM32\ntdll.dll
0x00007ffa8b5a0000 - 0x00007ffa8b662000 	C:\Windows\System32\KERNEL32.DLL
0x00007ffa8ab80000 - 0x00007ffa8af23000 	C:\Windows\System32\KERNELBASE.dll
0x00007ffa8afa0000 - 0x00007ffa8b0b1000 	C:\Windows\System32\ucrtbase.dll
0x00007ffa7e460000 - 0x00007ffa7e479000 	C:\Automation\eclipse\plugins\org.eclipse.justj.openjdk.hotspot.jre.full.win32.x86_64_17.0.6.v20230204-1729\jre\bin\VCRUNTIME140.dll
0x00007ffa7e480000 - 0x00007ffa7e497000 	C:\Automation\eclipse\plugins\org.eclipse.justj.openjdk.hotspot.jre.full.win32.x86_64_17.0.6.v20230204-1729\jre\bin\jli.dll
0x00007ffa8b3f0000 - 0x00007ffa8b59b000 	C:\Windows\System32\USER32.dll
0x00007ffa8b300000 - 0x00007ffa8b326000 	C:\Windows\System32\win32u.dll
0x00007ffa64dc0000 - 0x00007ffa6504e000 	C:\Windows\WinSxS\amd64_microsoft.windows.common-controls_6595b64144ccf1df_6.0.22621.1635_none_270f70857386168e\COMCTL32.dll
0x00007ffa8b970000 - 0x00007ffa8ba17000 	C:\Windows\System32\msvcrt.dll
0x00007ffa8bf10000 - 0x00007ffa8bf39000 	C:\Windows\System32\GDI32.dll
0x00007ffa8b0c0000 - 0x00007ffa8b1d9000 	C:\Windows\System32\gdi32full.dll
0x00007ffa8b1e0000 - 0x00007ffa8b27a000 	C:\Windows\System32\msvcp_win.dll
0x00007ffa8d2c0000 - 0x00007ffa8d2f1000 	C:\Windows\System32\IMM32.DLL
0x00007ffa826b0000 - 0x00007ffa826bc000 	C:\Automation\eclipse\plugins\org.eclipse.justj.openjdk.hotspot.jre.full.win32.x86_64_17.0.6.v20230204-1729\jre\bin\vcruntime140_1.dll
0x00007ffa469d0000 - 0x00007ffa46a61000 	C:\Automation\eclipse\plugins\org.eclipse.justj.openjdk.hotspot.jre.full.win32.x86_64_17.0.6.v20230204-1729\jre\bin\msvcp140.dll
0x00007ffa1a9d0000 - 0x00007ffa1b617000 	C:\Automation\eclipse\plugins\org.eclipse.justj.openjdk.hotspot.jre.full.win32.x86_64_17.0.6.v20230204-1729\jre\bin\server\jvm.dll
0x00007ffa8d4a0000 - 0x00007ffa8d54e000 	C:\Windows\System32\ADVAPI32.dll
0x00007ffa8d300000 - 0x00007ffa8d3a4000 	C:\Windows\System32\sechost.dll
0x00007ffa8c210000 - 0x00007ffa8c327000 	C:\Windows\System32\RPCRT4.dll
0x00007ffa7db20000 - 0x00007ffa7db54000 	C:\Windows\SYSTEM32\WINMM.dll
0x00007ffa7d190000 - 0x00007ffa7d19a000 	C:\Windows\SYSTEM32\VERSION.dll
0x00007ffa6afd0000 - 0x00007ffa6afd9000 	C:\Windows\SYSTEM32\WSOCK32.dll
0x00007ffa8d550000 - 0x00007ffa8d5c1000 	C:\Windows\System32\WS2_32.dll
0x00007ffa89b50000 - 0x00007ffa89b68000 	C:\Windows\SYSTEM32\kernel.appcore.dll
0x00007ffa743c0000 - 0x00007ffa743ca000 	C:\Automation\eclipse\plugins\org.eclipse.justj.openjdk.hotspot.jre.full.win32.x86_64_17.0.6.v20230204-1729\jre\bin\jimage.dll
0x00007ffa84250000 - 0x00007ffa8447e000 	C:\Windows\SYSTEM32\DBGHELP.DLL
0x00007ffa8c490000 - 0x00007ffa8c819000 	C:\Windows\System32\combase.dll
0x00007ffa8b670000 - 0x00007ffa8b747000 	C:\Windows\System32\OLEAUT32.dll
0x00007ffa69290000 - 0x00007ffa692c2000 	C:\Windows\SYSTEM32\dbgcore.DLL
0x00007ffa8b280000 - 0x00007ffa8b2fb000 	C:\Windows\System32\bcryptPrimitives.dll
0x00007ffa33370000 - 0x00007ffa33395000 	C:\Automation\eclipse\plugins\org.eclipse.justj.openjdk.hotspot.jre.full.win32.x86_64_17.0.6.v20230204-1729\jre\bin\java.dll

dbghelp: loaded successfully - version: 4.0.5 - missing functions: none
symbol engine: initialized successfully - sym options: 0x614 - pdb path: .;C:\Automation\eclipse\plugins\org.eclipse.justj.openjdk.hotspot.jre.full.win32.x86_64_17.0.6.v20230204-1729\jre\bin;C:\Windows\SYSTEM32;C:\Windows\WinSxS\amd64_microsoft.windows.common-controls_6595b64144ccf1df_6.0.22621.1635_none_270f70857386168e;C:\Automation\eclipse\plugins\org.eclipse.justj.openjdk.hotspot.jre.full.win32.x86_64_17.0.6.v20230204-1729\jre\bin\server

VM Arguments:
jvm_args: -ea -Dfile.encoding=UTF-8 -XX:+ShowCodeDetailsInExceptionMessages 
java_command: org.testng.remote.RemoteTestNG -serport 61271 -protocol json -d C:\Users\Mesbahul Haque Khan\eclipse-workspace\BootCamp_Final_Part1\test-output C:\Users\MESBAH~1\AppData\Local\Temp\testng-eclipse--568216086\testng-customsuite.xml
java_class_path (initial): C:\Automation\eclipse\configuration\org.eclipse.osgi\925\0\.cp\lib\testng-remote.jar;C:\Users\Mesbahul Haque Khan\eclipse-workspace\BootCamp_Final_Part1\target\test-classes;C:\Users\Mesbahul Haque Khan\eclipse-workspace\BootCamp_Final_Part1\target\classes;C:\Automation\AUTOMATION JAR FILES\selenium-server-4.9.1.jar;C:\Automation\eclipse\plugins\org.testng_7.4.0.r202105021533.jar;C:\Automation\eclipse\plugins\com.beust.jcommander_1.78.0.jar;C:\Automation\eclipse\plugins\org.apache-extras.beanshell.bsh_2.0.0.b6.jar;C:\Automation\eclipse\plugins\org.yaml.snakeyaml_1.27.0.v20221112-0806.jar;C:\Automation\eclipse\plugins\org.webjars.jquery_3.5.1.jar;C:\Users\Mesbahul Haque Khan\.m2\repository\org\testng\testng\7.7.1\testng-7.7.1.jar;C:\Users\Mesbahul Haque Khan\.m2\repository\org\slf4j\slf4j-api\1.7.36\slf4j-api-1.7.36.jar;C:\Users\Mesbahul Haque Khan\.m2\repository\com\beust\jcommander\1.82\jcommander-1.82.jar;C:\Users\Mesbahul Haque Khan\.m2\repository\org\webjars\jquery\3.6.1\jquery-3.6.1.jar;C:\Users\Mesbahul Haque Khan\.m2\repository\org\seleniumhq\selenium\selenium-java\4.8.3\selenium-java-4.8.3.jar;C:\Users\Mesbahul Haque Khan\.m2\repository\org\seleniumhq\selenium\selenium-api\4.8.3\selenium-api-4.8.3.jar;C:\Users\Mesbahul Haque Khan\.m2\repository\org\seleniumhq\selenium\selenium-chrome-driver\4.8.3\selenium-chrome-driver-4.8.3.jar;C:\Users\Mesbahul Haque Khan\.m2\repository\com\google\auto\service\auto-service-annotations\1.0.1\auto-service-annotations-1.0.1.jar;C:\Users\Mesbahul Haque Khan\.m2\repository\com\google\auto\service\auto-service\1.0.1\auto-service-1.0.1.jar;C:\Users\Mesbahul Haque Khan\.m2\repository\com\google\auto\auto-common\1.2\auto-common-1.2.jar;C:\Users\Mesbahul Haque Khan\.m2\repository\com\google\guava\guava\31.1-jre\guava-31.1-jre.jar;C:\Users\Mesbahul Haque Khan\.m2\repository\com\google\guava\failureaccess\1.0.1\failureaccess-1.0.1.jar;C:\Users\Mesbahul Haque Khan\.m2\repository\com\google\guava\listenablefu
Launcher Type: SUN_STANDARD

[Global flags]
     intx CICompilerCount                          = 4                                         {product} {ergonomic}
     uint ConcGCThreads                            = 2                                         {product} {ergonomic}
     uint G1ConcRefinementThreads                  = 8                                         {product} {ergonomic}
   size_t G1HeapRegionSize                         = 1048576                                   {product} {ergonomic}
    uintx GCDrainStackTargetSize                   = 64                                        {product} {ergonomic}
   size_t InitialHeapSize                          = 132120576                                 {product} {ergonomic}
   size_t MarkStackSize                            = 4194304                                   {product} {ergonomic}
   size_t MaxHeapSize                              = 2095054848                                {product} {ergonomic}
   size_t MinHeapDeltaBytes                        = 1048576                                   {product} {ergonomic}
   size_t MinHeapSize                              = 8388608                                   {product} {ergonomic}
    uintx NonNMethodCodeHeapSize                   = 5839372                                {pd product} {ergonomic}
    uintx NonProfiledCodeHeapSize                  = 122909434                              {pd product} {ergonomic}
    uintx ProfiledCodeHeapSize                     = 122909434                              {pd product} {ergonomic}
    uintx ReservedCodeCacheSize                    = 251658240                              {pd product} {ergonomic}
     bool SegmentedCodeCache                       = true                                      {product} {ergonomic}
     bool ShowCodeDetailsInExceptionMessages       = true                                   {manageable} {command line}
   size_t SoftMaxHeapSize                          = 2095054848                             {manageable} {ergonomic}
     bool UseCompressedClassPointers               = true                           {product lp64_product} {ergonomic}
     bool UseCompressedOops                        = true                           {product lp64_product} {ergonomic}
     bool UseG1GC                                  = true                                      {product} {ergonomic}
     bool UseLargePagesIndividualAllocation        = false                                  {pd product} {ergonomic}

Logging:
Log output configuration:
 #0: stdout all=warning uptime,level,tags
 #1: stderr all=off uptime,level,tags

Environment Variables:
JAVA_HOME=C:\Program Files\Java\jdk-17
PATH=C:/Automation/eclipse//plugins/org.eclipse.justj.openjdk.hotspot.jre.full.win32.x86_64_17.0.6.v20230204-1729/jre/bin/server;C:/Automation/eclipse//plugins/org.eclipse.justj.openjdk.hotspot.jre.full.win32.x86_64_17.0.6.v20230204-1729/jre/bin;S:\Program Files\VMWare\bin\;C:\Program Files\Common Files\Oracle\Java\javapath;C:\Windows\system32;C:\Windows;C:\Windows\System32\Wbem;C:\Windows\System32\WindowsPowerShell\v1.0\;C:\Windows\System32\OpenSSH\;C:\Program Files\Calibre2\;C:\Program Files\Git\cmd;C:\Program Files\Git\bin;C:\Automation\apache-maven-3.9.0\bin;C:\Program Files\Java\jdk-17\bin;C:\Program Files\dotnet\;C:\Program Files\Java\jdk-17\bin;S:\Program Files\JetBrains\IntelliJ IDEA Community Edition 2023.1\bin;;C:\Automation\eclipse;
USERNAME=Mesbahul Haque Khan
OS=Windows_NT
PROCESSOR_IDENTIFIER=Intel64 Family 6 Model 142 Stepping 12, GenuineIntel
TMP=C:\Users\MESBAH~1\AppData\Local\Temp
TEMP=C:\Users\MESBAH~1\AppData\Local\Temp



---------------  S Y S T E M  ---------------

OS:
 Windows 11 , 64 bit Build 22621 (10.0.22621.1778)
OS uptime: 0 days 14:51 hours

CPU: total 8 (initial active 8) (4 cores per cpu, 2 threads per core) family 6 model 142 stepping 12 microcode 0xf0, cx8, cmov, fxsr, ht, mmx, 3dnowpref, sse, sse2, sse3, ssse3, sse4.1, sse4.2, popcnt, lzcnt, tsc, tscinvbit, avx, avx2, aes, erms, clmul, bmi1, bmi2, adx, fma, vzeroupper, clflush, clflushopt

Memory: 4k page, system-wide physical 7988M (941M free)
TotalPageFile size 11060M (AvailPageFile size 92M)
current process WorkingSet (physical memory assigned to process): 11M, peak: 11M
current process commit charge ("private bytes"): 60M, peak: 186M

vm_info: OpenJDK 64-Bit Server VM (17.0.6+10) for windows-amd64 JRE (17.0.6+10), built on Jan 18 2023 10:08:59 by "temurin" with MS VC++ 16.7 (VS2019)

END.
